Determining if the pthread_create exist failed with the following output:
Change Dir: /home/simulator/Documents/Yolact-C--main/bin/CMakeFiles/CMakeTmp

Run Build Command:"/usr/bin/make" "cmTC_ce22f/fast"
/usr/bin/make -f CMakeFiles/cmTC_ce22f.dir/build.make CMakeFiles/cmTC_ce22f.dir/build
make[1]: Entering directory '/home/simulator/Documents/Yolact-C--main/bin/CMakeFiles/CMakeTmp'
Building C object CMakeFiles/cmTC_ce22f.dir/CheckSymbolExists.c.o
/usr/bin/cc    -o CMakeFiles/cmTC_ce22f.dir/CheckSymbolExists.c.o   -c /home/simulator/Documents/Yolact-C--main/bin/CMakeFiles/CMakeTmp/CheckSymbolExists.c
Linking C executable cmTC_ce22f
/usr/bin/cmake -E cmake_link_script CMakeFiles/cmTC_ce22f.dir/link.txt --verbose=1
/usr/bin/cc      -rdynamic CMakeFiles/cmTC_ce22f.dir/CheckSymbolExists.c.o  -o cmTC_ce22f 
CMakeFiles/cmTC_ce22f.dir/CheckSymbolExists.c.o: In function `main':
CheckSymbolExists.c:(.text+0x1b): undefined reference to `pthread_create'
collect2: error: ld returned 1 exit status
CMakeFiles/cmTC_ce22f.dir/build.make:97: recipe for target 'cmTC_ce22f' failed
make[1]: *** [cmTC_ce22f] Error 1
make[1]: Leaving directory '/home/simulator/Documents/Yolact-C--main/bin/CMakeFiles/CMakeTmp'
Makefile:126: recipe for target 'cmTC_ce22f/fast' failed
make: *** [cmTC_ce22f/fast] Error 2

File /home/simulator/Documents/Yolact-C--main/bin/CMakeFiles/CMakeTmp/CheckSymbolExists.c:
/* */
#include <pthread.h>

int main(int argc, char** argv)
{
  (void)argv;
#ifndef pthread_create
  return ((int*)(&pthread_create))[argc];
#else
  (void)argc;
  return 0;
#endif
}

Determining if the function pthread_create exists in the pthreads failed with the following output:
Change Dir: /home/simulator/Documents/Yolact-C--main/bin/CMakeFiles/CMakeTmp

Run Build Command:"/usr/bin/make" "cmTC_6c7ac/fast"
/usr/bin/make -f CMakeFiles/cmTC_6c7ac.dir/build.make CMakeFiles/cmTC_6c7ac.dir/build
make[1]: Entering directory '/home/simulator/Documents/Yolact-C--main/bin/CMakeFiles/CMakeTmp'
Building C object CMakeFiles/cmTC_6c7ac.dir/CheckFunctionExists.c.o
/usr/bin/cc   -DCHECK_FUNCTION_EXISTS=pthread_create   -o CMakeFiles/cmTC_6c7ac.dir/CheckFunctionExists.c.o   -c /usr/share/cmake-3.10/Modules/CheckFunctionExists.c
Linking C executable cmTC_6c7ac
/usr/bin/cmake -E cmake_link_script CMakeFiles/cmTC_6c7ac.dir/link.txt --verbose=1
/usr/bin/cc  -DCHECK_FUNCTION_EXISTS=pthread_create    -rdynamic CMakeFiles/cmTC_6c7ac.dir/CheckFunctionExists.c.o  -o cmTC_6c7ac -lpthreads 
/usr/bin/ld: cannot find -lpthreads
collect2: error: ld returned 1 exit status
CMakeFiles/cmTC_6c7ac.dir/build.make:97: recipe for target 'cmTC_6c7ac' failed
make[1]: *** [cmTC_6c7ac] Error 1
make[1]: Leaving directory '/home/simulator/Documents/Yolact-C--main/bin/CMakeFiles/CMakeTmp'
Makefile:126: recipe for target 'cmTC_6c7ac/fast' failed
make: *** [cmTC_6c7ac/fast] Error 2


