Determining if the pthread_create exist failed with the following output:
Change Dir: /home/simulator/Documents/yolact_C++/build/CMakeFiles/CMakeTmp

Run Build Command:"/usr/bin/make" "cmTC_4265b/fast"
/usr/bin/make -f CMakeFiles/cmTC_4265b.dir/build.make CMakeFiles/cmTC_4265b.dir/build
make[1]: Entering directory '/home/simulator/Documents/yolact_C++/build/CMakeFiles/CMakeTmp'
Building C object CMakeFiles/cmTC_4265b.dir/CheckSymbolExists.c.o
/usr/bin/cc    -o CMakeFiles/cmTC_4265b.dir/CheckSymbolExists.c.o   -c /home/simulator/Documents/yolact_C++/build/CMakeFiles/CMakeTmp/CheckSymbolExists.c
Linking C executable cmTC_4265b
/usr/bin/cmake -E cmake_link_script CMakeFiles/cmTC_4265b.dir/link.txt --verbose=1
/usr/bin/cc      -rdynamic CMakeFiles/cmTC_4265b.dir/CheckSymbolExists.c.o  -o cmTC_4265b 
CMakeFiles/cmTC_4265b.dir/CheckSymbolExists.c.o: In function `main':
CheckSymbolExists.c:(.text+0x1b): undefined reference to `pthread_create'
collect2: error: ld returned 1 exit status
CMakeFiles/cmTC_4265b.dir/build.make:97: recipe for target 'cmTC_4265b' failed
make[1]: *** [cmTC_4265b] Error 1
make[1]: Leaving directory '/home/simulator/Documents/yolact_C++/build/CMakeFiles/CMakeTmp'
Makefile:126: recipe for target 'cmTC_4265b/fast' failed
make: *** [cmTC_4265b/fast] Error 2

File /home/simulator/Documents/yolact_C++/build/CMakeFiles/CMakeTmp/CheckSymbolExists.c:
/* */
#include <pthread.h>

int main(int argc, char** argv)
{
  (void)argv;
#ifndef pthread_create
  return ((int*)(&pthread_create))[argc];
#else
  (void)argc;
  return 0;
#endif
}

Determining if the function pthread_create exists in the pthreads failed with the following output:
Change Dir: /home/simulator/Documents/yolact_C++/build/CMakeFiles/CMakeTmp

Run Build Command:"/usr/bin/make" "cmTC_1af16/fast"
/usr/bin/make -f CMakeFiles/cmTC_1af16.dir/build.make CMakeFiles/cmTC_1af16.dir/build
make[1]: Entering directory '/home/simulator/Documents/yolact_C++/build/CMakeFiles/CMakeTmp'
Building C object CMakeFiles/cmTC_1af16.dir/CheckFunctionExists.c.o
/usr/bin/cc   -DCHECK_FUNCTION_EXISTS=pthread_create   -o CMakeFiles/cmTC_1af16.dir/CheckFunctionExists.c.o   -c /usr/share/cmake-3.10/Modules/CheckFunctionExists.c
Linking C executable cmTC_1af16
/usr/bin/cmake -E cmake_link_script CMakeFiles/cmTC_1af16.dir/link.txt --verbose=1
/usr/bin/cc  -DCHECK_FUNCTION_EXISTS=pthread_create    -rdynamic CMakeFiles/cmTC_1af16.dir/CheckFunctionExists.c.o  -o cmTC_1af16 -lpthreads 
/usr/bin/ld: cannot find -lpthreads
collect2: error: ld returned 1 exit status
CMakeFiles/cmTC_1af16.dir/build.make:97: recipe for target 'cmTC_1af16' failed
make[1]: *** [cmTC_1af16] Error 1
make[1]: Leaving directory '/home/simulator/Documents/yolact_C++/build/CMakeFiles/CMakeTmp'
Makefile:126: recipe for target 'cmTC_1af16/fast' failed
make: *** [cmTC_1af16/fast] Error 2


